<?xml version="1.0" encoding="UTF-8"?>
<coverage generated="1544882548">
  <project timestamp="1544882548">
    <package name="KEINOS\SCRUTINIZER">
      <file name="/Volumes/Macintosh_SD/Users/admin/GitHub/Practice_ScrutinizerCI/src/php7/HelloWorld.php">
        <class name="KEINOS\SCRUTINIZER\HelloWorld" namespace="KEINOS\SCRUTINIZER">
          <metrics complexity="2" methods="2" coveredmethods="2" conditionals="0" coveredconditionals="0" statements="2" coveredstatements="2" elements="4" coveredelements="4"/>
        </class>
        <line num="6" type="method" name="get" visibility="public" complexity="1" crap="1" count="1"/>
        <line num="8" type="stmt" count="1"/>
        <line num="10" type="method" name="__toString" visibility="public" complexity="1" crap="1" count="1"/>
        <line num="12" type="stmt" count="1"/>
        <metrics loc="14" ncloc="14" classes="1" methods="2" coveredmethods="2" conditionals="0" coveredconditionals="0" statements="2" coveredstatements="2" elements="4" coveredelements="4"/>
      </file>
    </package>
    <metrics files="1" loc="14" ncloc="14" classes="1" methods="2" coveredmethods="2" conditionals="0" coveredconditionals="0" statements="2" coveredstatements="2" elements="4" coveredelements="4"/>
  </project>
</coverage>
